0 info it worked if it ends with ok
1 verbose cli [ '/usr/bin/node',
1 verbose cli   '/usr/bin/npm',
1 verbose cli   'install',
1 verbose cli   'https://github.com/welder496/notas.git' ]
2 info using npm@2.10.1
3 info using node@v0.12.4
4 verbose node symlink /usr/bin/node
5 verbose install initial load of /home/welder/notasajax/package.json
6 verbose installManyTop reading scoped package data from /home/welder/notasajax/node_modules/najax/package.json
7 info package.json najax@0.1.5 No license field.
8 verbose readDependencies loading dependencies from /home/welder/notasajax/package.json
9 silly cache add args [ 'https://github.com/welder496/notas.git', null ]
10 verbose cache add spec https://github.com/welder496/notas.git
11 silly cache add parsed spec { raw: 'https://github.com/welder496/notas.git',
11 silly cache add   scope: null,
11 silly cache add   name: null,
11 silly cache add   rawSpec: 'https://github.com/welder496/notas.git',
11 silly cache add   spec: 'git+https://github.com/welder496/notas.git',
11 silly cache add   type: 'hosted',
11 silly cache add   hosted:
11 silly cache add    { type: 'github',
11 silly cache add      ssh: 'git@github.com:welder496/notas.git',
11 silly cache add      sshUrl: 'git+ssh://git@github.com/welder496/notas.git',
11 silly cache add      httpsUrl: 'git+https://github.com/welder496/notas.git',
11 silly cache add      gitUrl: 'git://github.com/welder496/notas.git',
11 silly cache add      shortcut: 'github:welder496/notas',
11 silly cache add      directUrl: 'https://raw.githubusercontent.com/welder496/notas/master/package.json' } }
12 verbose addRemoteGit caching https://github.com/welder496/notas.git
13 verbose addRemoteGit git+https://github.com/welder496/notas.git is a repository hosted by github
14 silly tryClone cloning git+https://github.com/welder496/notas.git via git+https://github.com/welder496/notas.git
15 verbose tryClone https-github-com-welder496-notas-git-7056bcb8 not in flight; caching
16 error git clone --template=/home/welder/.npm/_git-remotes/_templates --mirror https://github.com/welder496/notas.git /home/welder/.npm/_git-remotes/https-github-com-welder496-notas-git-7056bcb8: undefined
16 error git clone --template=/home/welder/.npm/_git-remotes/_templates --mirror https://github.com/welder496/notas.git /home/welder/.npm/_git-remotes/https-github-com-welder496-notas-git-7056bcb8: undefined
17 verbose stack Error: not found: git
17 verbose stack     at F (/usr/lib/node_modules/npm/node_modules/which/which.js:72:28)
17 verbose stack     at E (/usr/lib/node_modules/npm/node_modules/which/which.js:75:29)
17 verbose stack     at /usr/lib/node_modules/npm/node_modules/which/which.js:83:16
17 verbose stack     at FSReqWrap.oncomplete (fs.js:95:15)
18 verbose cwd /home/welder/notasajax
19 error Linux 3.13.0-55-generic
20 error argv "/usr/bin/node" "/usr/bin/npm" "install" "https://github.com/welder496/notas.git"
21 error node v0.12.4
22 error npm  v2.10.1
23 error code ENOGIT
24 error not found: git
25 error Failed using git.
25 error This is most likely not a problem with npm itself.
25 error Please check if you have git installed and in your PATH.
26 verbose exit [ 1, true ]
